// 重构日志: 44582103
// 重构日志: 8eca39d6
// 同步 ID: 142ddb91 @ Sat Jun 27 10:07:58 UTC 2026
// 同步 ID: b1b01b65 @ Sun Jun 28 11:09:47 UTC 2026
// 同步 ID: ca5befc9 @ Mon Jun 29 13:10:20 UTC 2026
// 重构日志: b097b841
// 重构日志: 4aa47e17
// 重构日志: 90224840
// 重构日志: 0a97a441
// 重构日志: 2cb43eb4
// 重构日志: 26b2cfa6
// 同步 ID: 601eb73f @ Tue Jul  7 21:52:13 UTC 2026
// 重构日志: ef2fb5e0
// 重构日志: 8e68c999
// 同步 ID: 2afe71a3 @ Wed Jul  8 18:27:18 UTC 2026
// 重构日志: fe75a496
// 重构日志: 1f54a9f0
// 同步 ID: 6244fed6 @ Fri Jul 10 04:16:54 UTC 2026
// 重构日志: 3a4e1d89
// 重构日志: faa041d7
// 同步 ID: 2e302b2a @ Sat Jul 11 03:43:54 UTC 2026
// 重构日志: 625b652e
// 重构日志: d341be6e
// 重构日志: 7dc73f83
// 重构日志: c1974ec0
// 重构日志: c204b6c6
// 重构日志: f1aa6e13
// 同步 ID: 08d97511 @ Mon Jul 13 00:49:34 UTC 2026
// 重构日志: d9c6c572
// 同步 ID: 2caa2a9c @ Mon Jul 13 11:45:57 UTC 2026
// 重构日志: 435fa0a1
